{"E:\\nov-project\\src\\App.jsx": {"path":"E:\\nov-project\\src\\App.jsx","statementMap":{"0":{"start":{"line":11,"column":2},"end":{"line":24,"column":3}}},"fnMap":{"0":{"name":"App","decl":{"start":{"line":10,"column":9},"end":{"line":10,"column":12}},"loc":{"start":{"line":10,"column":15},"end":{"line":25,"column":1}},"line":10}},"branchMap":{},"s":{"0":0},"f":{"0":0},"b":{}}
,"E:\\nov-project\\src\\constants\\index.jsx": {"path":"E:\\nov-project\\src\\constants\\index.jsx","statementMap":{"0":{"start":{"line":22,"column":32},"end":{"line":28,"column":1}},"1":{"start":{"line":30,"column":23},"end":{"line":35,"column":1}},"2":{"start":{"line":37,"column":24},"end":{"line":92,"column":1}},"3":{"start":{"line":94,"column":22},"end":{"line":128,"column":1}},"4":{"start":{"line":130,"column":27},"end":{"line":146,"column":1}},"5":{"start":{"line":148,"column":25},"end":{"line":181,"column":1}}},"fnMap":{},"branchMap":{},"s":{"0":1,"1":1,"2":1,"3":1,"4":1,"5":1},"f":{},"b":{},"_coverageSchema":"1a1c01bbd47fc00a2c39e90264f33305004495a9","hash":"c3b8167efa930f33b7fd0bb4e19ba03973b052f6"}
}
